<?xml version="1.0" encoding="UTF-8" ?>
<testsuite errors="2" failures="0" hostname="matt-Linux" name="login.MetodosLoginTest" skipped="0" tests="2" time="1.159" timestamp="2017-06-16T16:54:40">
  <properties>
[...]
</properties>
  <testcase classname="login.MetodosLoginTest" name="testValidar_ingreso_true" time="0.835">
    <error message="Operation not allowed after ResultSet closed" type="java.sql.SQLException">java.sql.SQLException: Operation not allowed after ResultSet closed
	at com.mysql.jdbc.SQLError.createSQLException(SQLError.java:963)
	at com.mysql.jdbc.SQLError.createSQLException(SQLError.java:896)
	at com.mysql.jdbc.SQLError.createSQLException(SQLError.java:885)
	at com.mysql.jdbc.SQLError.createSQLException(SQLError.java:860)
	at com.mysql.jdbc.ResultSetImpl.checkClosed(ResultSetImpl.java:743)
	at com.mysql.jdbc.ResultSetImpl.next(ResultSetImpl.java:6313)
	at login.MetodosLogin.validar_ingreso(MetodosLogin.java:34)
	at login.MetodosLoginTest.testValidar_ingreso_true(MetodosLoginTest.java:61)
</error>
  </testcase>
  <testcase classname="login.MetodosLoginTest" name="testValidar_ingreso_false" time="0.025">
    <error message="Operation not allowed after ResultSet closed" type="java.sql.SQLException">java.sql.SQLException: Operation not allowed after ResultSet closed
	at com.mysql.jdbc.SQLError.createSQLException(SQLError.java:963)
	at com.mysql.jdbc.SQLError.createSQLException(SQLError.java:896)
	at com.mysql.jdbc.SQLError.createSQLException(SQLError.java:885)
	at com.mysql.jdbc.SQLError.createSQLException(SQLError.java:860)
	at com.mysql.jdbc.ResultSetImpl.checkClosed(ResultSetImpl.java:743)
	at com.mysql.jdbc.ResultSetImpl.next(ResultSetImpl.java:6313)
	at login.MetodosLogin.validar_ingreso(MetodosLogin.java:34)
	at login.MetodosLoginTest.testValidar_ingreso_false(MetodosLoginTest.java:51)
</error>
  </testcase>
  <system-out><![CDATA[validar_ingreso
validar_ingreso
]]></system-out>
  <system-err><![CDATA[Fri Jun 16 13:54:41 ART 2017 WARN: Establishing SSL connection without server's identity verification is not recommended. According to MySQL 5.5.45+, 5.6.26+ and 5.7.6+ requirements SSL connection must be established by default if explicit option isn't set. For compliance with existing applications not using SSL the verifyServerCertificate property is set to 'false'. You need either to explicitly disable SSL by setting useSSL=false, or set useSSL=true and provide truststore for server certificate verification.
Fri Jun 16 13:54:41 ART 2017 WARN: Establishing SSL connection without server's identity verification is not recommended. According to MySQL 5.5.45+, 5.6.26+ and 5.7.6+ requirements SSL connection must be established by default if explicit option isn't set. For compliance with existing applications not using SSL the verifyServerCertificate property is set to 'false'. You need either to explicitly disable SSL by setting useSSL=false, or set useSSL=true and provide truststore for server certificate verification.
]]></system-err>
</testsuite>
